<?xml version="1.0" encoding="utf-8"?><testsuites><testsuite name="pytest" errors="0" failures="0" skipped="0" tests="5" time="2.435" timestamp="2024-10-25T19:43:49.279933" hostname="cb550f52b316"><testcase classname="test.test_guidance_scripts" name="test_get_engage_time" time="0.068" /><testcase classname="test.test_guidance_scripts" name="test_run_crosstrack_analysis" time="0.029" /><testcase classname="test.test_run_all_analysis" name="test_find_mcap_files" time="0.018" /><testcase classname="test.test_run_all_analysis" name="test_run_all_analysis" time="0.018" /><testcase classname="test.test_run_all_analysis" name="test_run_all_analysis_no_mcap_files" time="0.011" /></testsuite></testsuites>